This is pdfTeX, Version 3.14159265-2.6-1.40.16 (MiKTeX 2.9) (preloaded format=pdflatex 2015.12.8)  8 JAN 2016 14:59
entering extended mode
**C:/Users/Administrador/Documents/NetBeansProjects/Estribillero-Cristiano/Estr
ibillero.tex

(C:/Users/Administrador/Documents/NetBeansProjects/Estribillero-Cristiano/Estri
billero.tex
LaTeX2e <2015/01/01> patch level 2
Babel <3.9m> and hyphenation patterns for 69 languages loaded.
("C:\Program Files (x86)\MiKTeX 2.9\tex\latex\base\book.cls"
Document Class: book 2014/09/29 v1.4h Standard LaTeX document class
("C:\Program Files (x86)\MiKTeX 2.9\tex\latex\base\bk12.clo"
File: bk12.clo 2014/09/29 v1.4h Standard LaTeX file (size option)
)
\c@part=\count79
\c@chapter=\count80
\c@section=\count81
\c@subsection=\count82
\c@subsubsection=\count83
\c@paragraph=\count84
\c@subparagraph=\count85
\c@figure=\count86
\c@table=\count87
\abovecaptionskip=\skip41
\belowcaptionskip=\skip42
\bibindent=\dimen102
)
("C:\Program Files (x86)\MiKTeX 2.9\tex\latex\base\fontenc.sty"
Package: fontenc 2005/09/27 v1.99g Standard LaTeX package

("C:\Program Files (x86)\MiKTeX 2.9\tex\latex\base\t1enc.def"
File: t1enc.def 2005/09/27 v1.99g Standard LaTeX file
LaTeX Font Info:    Redeclaring font encoding T1 on input line 48.
))
("C:\Program Files (x86)\MiKTeX 2.9\tex\latex\base\inputenc.sty"
Package: inputenc 2015/03/17 v1.2c Input encoding file
\inpenc@prehook=\toks14
\inpenc@posthook=\toks15

("C:\Program Files (x86)\MiKTeX 2.9\tex\latex\base\latin9.def"
File: latin9.def 2015/03/17 v1.2c Input encoding file
))
("C:\Program Files (x86)\MiKTeX 2.9\tex\generic\babel\babel.sty"
Package: babel 2015/08/03 3.9m The Babel package

*************************************
* Local config file bblopts.cfg used
*
("C:\Program Files (x86)\MiKTeX 2.9\tex\latex\00miktex\bblopts.cfg"
File: bblopts.cfg 2006/07/31 v1.0 MiKTeX 'babel' configuration
)
("C:\Program Files (x86)\MiKTeX 2.9\tex\latex\babel-spanish\spanish.ldf"
Language: spanish.ldf 2014/04/24 v5.0n Spanish support from the babel system

("C:\Program Files (x86)\MiKTeX 2.9\tex\generic\babel\babel.def"
File: babel.def 2015/08/03 3.9m Babel common definitions
\babel@savecnt=\count88
\U@D=\dimen103
)
\es@quottoks=\toks16
\es@quotdepth=\count89
Package babel Info: Making " an active character on input line 516.
Package babel Info: Making . an active character on input line 617.
Package babel Info: Making < an active character on input line 662.
Package babel Info: Making > an active character on input line 662.
))
(mypiano.sty
Package: mypiano 
 ("C:\Program Files (x86)\MiKTeX 2.9\tex\latex\graphics\color.sty"
Package: color 2014/10/28 v1.1a Standard LaTeX Color (DPC)

("C:\Program Files (x86)\MiKTeX 2.9\tex\latex\00miktex\color.cfg"
File: color.cfg 2007/01/18 v1.5 color configuration of teTeX/TeXLive
)
Package color Info: Driver file: pdftex.def on input line 142.

("C:\Program Files (x86)\MiKTeX 2.9\tex\latex\pdftex-def\pdftex.def"
File: pdftex.def 2011/05/27 v0.06d Graphics/color for pdfTeX

("C:\Program Files (x86)\MiKTeX 2.9\tex\generic\oberdiek\infwarerr.sty"
Package: infwarerr 2010/04/08 v1.3 Providing info/warning/error messages (HO)
)
("C:\Program Files (x86)\MiKTeX 2.9\tex\generic\oberdiek\ltxcmds.sty"
Package: ltxcmds 2011/11/09 v1.22 LaTeX kernel commands for general use (HO)
)
\Gread@gobject=\count90
))
("C:\Program Files (x86)\MiKTeX 2.9\tex\latex\base\ifthen.sty"
Package: ifthen 2014/09/29 v1.1c Standard LaTeX ifthen package (DPC)
)
("C:\Program Files (x86)\MiKTeX 2.9\tex\latex\xargs\xargs.sty"
Package: xargs 2008/03/22 v1.1  extended macro definitions  (mpg)

("C:\Program Files (x86)\MiKTeX 2.9\tex\latex\xkeyval\xkeyval.sty"
Package: xkeyval 2014/12/03 v2.7a package option processing (HA)

("C:\Program Files (x86)\MiKTeX 2.9\tex\generic\xkeyval\xkeyval.tex"
("C:\Program Files (x86)\MiKTeX 2.9\tex\generic\xkeyval\xkvutils.tex"
\XKV@toks=\toks17
\XKV@tempa@toks=\toks18

("C:\Program Files (x86)\MiKTeX 2.9\tex\generic\xkeyval\keyval.tex"))
\XKV@depth=\count91
File: xkeyval.tex 2014/12/03 v2.7a key=value parser (HA)
))
\xargs@max=\count92
\xargs@toksa=\toks19
\xargs@toksb=\toks20
)
! Too many }'s.
\endpicture ->\egroup 
                      \hss \egroup \ht \@picbox \@picht \dp \@picbox \z@ \mb...
l.255 \end{picture}
                   
? 

! LaTeX Error: Missing \begin{document}.

See the LaTeX manual or LaTeX Companion for explanation.
Type  H <return>  for immediate help.
 ...                                              
                                                  
l.255 \end{picture}
                   
? 
! Too many }'s.
\endpicture ->\egroup \hss \egroup 
                                   \ht \@picbox \@picht \dp \@picbox \z@ \mb...
l.255 \end{picture}
                   
? 

! LaTeX Error: \begin{document} ended by \end{picture}.

See the LaTeX manual or LaTeX Companion for explanation.
Type  H <return>  for immediate help.
 ...                                              
                                                  
l.255 \end{picture}
                   
? 
! Extra \endgroup.
<recently read> \endgroup 
                          
l.255 \end{picture}
                   
? 
! Infinite glue shrinkage found in a paragraph.
l.256 
      
? 
! Too many }'s.
l.257 }
       
? 
! Too many }'s.
\endpicture ->\egroup 
                      \hss \egroup \ht \@picbox \@picht \dp \@picbox \z@ \mb...
l.468 \end{picture}
                   
? 

! LaTeX Error: Missing \begin{document}.

See the LaTeX manual or LaTeX Companion for explanation.
Type  H <return>  for immediate help.
 ...                                              
                                                  
l.468 \end{picture}
                   
? 
! Too many }'s.
\endpicture ->\egroup \hss \egroup 
                                   \ht \@picbox \@picht \dp \@picbox \z@ \mb...
l.468 \end{picture}
                   
? 

! LaTeX Error: \begin{document} ended by \end{picture}.

See the LaTeX manual or LaTeX Companion for explanation.
Type  H <return>  for immediate help.
 ...                                              
                                                  
l.468 \end{picture}
                   
? 
! Extra \endgroup.
<recently read> \endgroup 
                          
l.468 \end{picture}
                   
? 
! Too many }'s.
l.469 }
       
? 
) (gchords.sty
! Infinite glue shrinkage found in a paragraph.
l.24 
     
? 
Package: gchords 
\cwidth=\skip43
\truewidth=\count93
\topline=\count94
\myvpos=\count95
\mylength=\count96
\fpos=\count97
\ghor=\count98
\prevpos=\count99
\dlen=\count100
\cpos=\count101
\stpos=\count102
\needsize=\dimen104
\ascale=\dimen105
) ("C:\Program Files (x86)\MiKTeX 2.9\tex\latex\base\latexsym.sty"
Package: latexsym 1998/08/17 v2.2e Standard LaTeX package (lasy symbols)
\symlasy=\mathgroup4
LaTeX Font Info:    Overwriting symbol font `lasy' in version `bold'
(Font)                  U/lasy/m/n --> U/lasy/b/n on input line 52.
)
(C:\Users\Administrador\AppData\Roaming\MiKTeX\2.9\tex\latex\fancyhdr\fancyhdr.
sty
\fancy@headwidth=\skip44
\f@ncyO@elh=\skip45
\f@ncyO@erh=\skip46
\f@ncyO@olh=\skip47
\f@ncyO@orh=\skip48
\f@ncyO@elf=\skip49
\f@ncyO@erf=\skip50
\f@ncyO@olf=\skip51
\f@ncyO@orf=\skip52
) ("C:\Program Files (x86)\MiKTeX 2.9\tex\latex\hyperref\hyperref.sty"
Package: hyperref 2012/11/06 v6.83m Hypertext links for LaTeX

("C:\Program Files (x86)\MiKTeX 2.9\tex\generic\oberdiek\hobsub-hyperref.sty"
Package: hobsub-hyperref 2012/04/25 v1.12 Bundle oberdiek, subset hyperref (HO)


("C:\Program Files (x86)\MiKTeX 2.9\tex\generic\oberdiek\hobsub-generic.sty"
Package: hobsub-generic 2012/04/25 v1.12 Bundle oberdiek, subset generic (HO)
Package: hobsub 2012/04/25 v1.12 Construct package bundles (HO)
Package hobsub Info: Skipping package `infwarerr' (already loaded).
Package hobsub Info: Skipping package `ltxcmds' (already loaded).
Package: ifluatex 2010/03/01 v1.3 Provides the ifluatex switch (HO)
Package ifluatex Info: LuaTeX not detected.
Package: ifvtex 2010/03/01 v1.5 Detect VTeX and its facilities (HO)
Package ifvtex Info: VTeX not detected.
Package: intcalc 2007/09/27 v1.1 Expandable calculations with integers (HO)
Package: ifpdf 2011/01/30 v2.3 Provides the ifpdf switch (HO)
Package ifpdf Info: pdfTeX in PDF mode is detected.
Package: etexcmds 2011/02/16 v1.5 Avoid name clashes with e-TeX commands (HO)
Package etexcmds Info: Could not find \expanded.
(etexcmds)             That can mean that you are not using pdfTeX 1.50 or
(etexcmds)             that some package has redefined \expanded.
(etexcmds)             In the latter case, load this package earlier.
Package: kvsetkeys 2012/04/25 v1.16 Key value parser (HO)
Package: kvdefinekeys 2011/04/07 v1.3 Define keys (HO)
Package: pdftexcmds 2011/11/29 v0.20 Utility functions of pdfTeX for LuaTeX (HO
)
Package pdftexcmds Info: LuaTeX not detected.
Package pdftexcmds Info: \pdf@primitive is available.
Package pdftexcmds Info: \pdf@ifprimitive is available.
Package pdftexcmds Info: \pdfdraftmode found.
Package: pdfescape 2011/11/25 v1.13 Implements pdfTeX's escape features (HO)
Package: bigintcalc 2012/04/08 v1.3 Expandable calculations on big integers (HO
)
Package: bitset 2011/01/30 v1.1 Handle bit-vector datatype (HO)
Package: uniquecounter 2011/01/30 v1.2 Provide unlimited unique counter (HO)
)
Package hobsub Info: Skipping package `hobsub' (already loaded).
Package: letltxmacro 2010/09/02 v1.4 Let assignment for LaTeX macros (HO)
Package: hopatch 2011/06/24 v1.1 Wrapper for package hooks (HO)
Package: xcolor-patch 2011/01/30 xcolor patch
Package: atveryend 2011/06/30 v1.8 Hooks at the very end of document (HO)
Package atveryend Info: \enddocument detected (standard20110627).
Package: atbegshi 2011/10/05 v1.16 At begin shipout hook (HO)
Package: refcount 2011/10/16 v3.4 Data extraction from label references (HO)
Package: hycolor 2011/01/30 v1.7 Color options for hyperref/bookmark (HO)
)
("C:\Program Files (x86)\MiKTeX 2.9\tex\generic\ifxetex\ifxetex.sty"
Package: ifxetex 2010/09/12 v0.6 Provides ifxetex conditional
)
("C:\Program Files (x86)\MiKTeX 2.9\tex\latex\oberdiek\auxhook.sty"
Package: auxhook 2011/03/04 v1.3 Hooks for auxiliary files (HO)
)
("C:\Program Files (x86)\MiKTeX 2.9\tex\latex\oberdiek\kvoptions.sty"
Package: kvoptions 2011/06/30 v3.11 Key value format for package options (HO)
)
\@linkdim=\dimen106
\Hy@linkcounter=\count103
\Hy@pagecounter=\count104

("C:\Program Files (x86)\MiKTeX 2.9\tex\latex\hyperref\pd1enc.def"
File: pd1enc.def 2012/11/06 v6.83m Hyperref: PDFDocEncoding definition (HO)
)
\Hy@SavedSpaceFactor=\count105

("C:\Program Files (x86)\MiKTeX 2.9\tex\latex\00miktex\hyperref.cfg"
File: hyperref.cfg 2002/06/06 v1.2 hyperref configuration of TeXLive
)
Package hyperref Info: Option `unicode' set `true' on input line 4319.

("C:\Program Files (x86)\MiKTeX 2.9\tex\latex\hyperref\puenc.def"
File: puenc.def 2012/11/06 v6.83m Hyperref: PDF Unicode definition (HO)
)
Package hyperref Info: Option `pdfusetitle' set `true' on input line 4319.
Package hyperref Info: Option `bookmarks' set `true' on input line 4319.
Package hyperref Info: Option `bookmarksnumbered' set `false' on input line 431
9.
Package hyperref Info: Option `bookmarksopen' set `false' on input line 4319.
Package hyperref Info: Option `breaklinks' set `false' on input line 4319.
Package hyperref Info: Option `colorlinks' set `false' on input line 4319.
Package hyperref Info: Hyper figures OFF on input line 4443.
Package hyperref Info: Link nesting OFF on input line 4448.
Package hyperref Info: Hyper index ON on input line 4451.
Package hyperref Info: Plain pages OFF on input line 4458.
Package hyperref Info: Backreferencing OFF on input line 4463.
Package hyperref Info: Implicit mode ON; LaTeX internals redefined.
Package hyperref Info: Bookmarks ON on input line 4688.
\c@Hy@tempcnt=\count106

(C:\Users\Administrador\AppData\Roaming\MiKTeX\2.9\tex\latex\url\url.sty
\Urlmuskip=\muskip10
Package: url 2013/09/16  ver 3.4  Verb mode for urls, etc.
)
LaTeX Info: Redefining \url on input line 5041.
\XeTeXLinkMargin=\dimen107
\Fld@menulength=\count107
\Field@Width=\dimen108
\Fld@charsize=\dimen109
Package hyperref Info: Hyper figures OFF on input line 6295.
Package hyperref Info: Link nesting OFF on input line 6300.
Package hyperref Info: Hyper index ON on input line 6303.
Package hyperref Info: backreferencing OFF on input line 6310.
Package hyperref Info: Link coloring OFF on input line 6315.
Package hyperref Info: Link coloring with OCG OFF on input line 6320.
Package hyperref Info: PDF/A mode OFF on input line 6325.
LaTeX Info: Redefining \ref on input line 6365.
LaTeX Info: Redefining \pageref on input line 6369.
\Hy@abspage=\count108
\c@Item=\count109
\c@Hfootnote=\count110
)

Package hyperref Message: Driver (autodetected): hpdftex.

("C:\Program Files (x86)\MiKTeX 2.9\tex\latex\hyperref\hpdftex.def"
File: hpdftex.def 2012/11/06 v6.83m Hyperref driver for pdfTeX
\Fld@listcount=\count111
\c@bookmark@seq@number=\count112

("C:\Program Files (x86)\MiKTeX 2.9\tex\latex\oberdiek\rerunfilecheck.sty"
Package: rerunfilecheck 2011/04/15 v1.7 Rerun checks for auxiliary files (HO)
Package uniquecounter Info: New unique counter `rerunfilecheck' on input line 2
82.
)
\Hy@SectionHShift=\skip53
)
(C:\Users\Administrador\AppData\Roaming\MiKTeX\2.9\tex\latex\songbook\songbook.
sty
Package: songbook 2010/04/30 v4.5 All purpose Songbook style

Document Subclass: songbook 2010/04/30 v4.5 All purpose Songbook style
("C:\Program Files (x86)\MiKTeX 2.9\tex\latex\tools\calc.sty"
Package: calc 2014/10/28 v4.3 Infix arithmetic (KKT,FJ)
\calc@Acount=\count113
\calc@Bcount=\count114
\calc@Adimen=\dimen110
\calc@Bdimen=\dimen111
\calc@Askip=\skip54
\calc@Bskip=\skip55
LaTeX Info: Redefining \setlength on input line 80.
LaTeX Info: Redefining \addtolength on input line 81.
\calc@Ccount=\count115
\calc@Cskip=\skip56
)
\chSpaceTolerance=\skip57
\chMiniSpace=\skip58
\sbBaselineSkipAmt=\skip59
\textwidthSav=\skip60
\evensidemarginSav=\skip61
\marginparsepSav=\skip62
\marginparwidthSav=\skip63
\chSpaceToleranceSav=\skip64

(C:\Users\Administrador\AppData\Roaming\MiKTeX\2.9\tex\latex\songbook\condition
als.sty)

! LaTeX Error: File `xstring.sty' not found.

Type X to quit or <RETURN> to proceed,
or enter new name. (Default extension: sty)

Enter file name: 
("C:\Program Files (x86)\MiKTeX 2.9\tex\latex\tools\multicol.sty"
Package: multicol 2015/03/31 v1.8m multicolumn formatting (FMi)
\c@tracingmulticols=\count116
\mult@box=\box26
\multicol@leftmargin=\dimen112
\c@unbalance=\count117
\c@collectmore=\count118
\doublecol@number=\count119
\multicoltolerance=\count120
\multicolpretolerance=\count121
\full@width=\dimen113
\page@free=\dimen114
\premulticols=\dimen115
\postmulticols=\dimen116
\multicolsep=\skip65
\multicolbaselineskip=\skip66
\partial@page=\box27
\last@line=\box28
\maxbalancingoverflow=\dimen117
\mult@rightbox=\box29
\mult@grightbox=\box30
\mult@gfirstbox=\box31
\mult@firstbox=\box32
\@tempa=\box33
\@tempa=\box34
\@tempa=\box35
\@tempa=\box36
\@tempa=\box37
\@tempa=\box38
\@tempa=\box39
\@tempa=\box40
\@tempa=\box41
\@tempa=\box42
\@tempa=\box43
\@tempa=\box44
\@tempa=\box45
\@tempa=\box46
\@tempa=\box47
\@tempa=\box48
\@tempa=\box49
\c@columnbadness=\count122
\c@finalcolumnbadness=\count123
\last@try=\dimen118
\multicolovershoot=\dimen119
\multicolundershoot=\dimen120
\mult@nat@firstbox=\box50
\colbreak@box=\box51
\mc@col@check@num=\count124
)
\c@SBSongCnt=\count125
\c@SBSectionCnt=\count126
\c@SBVerseCnt=\count127
\chCriticDim=\skip67
\chSpaceDim=\skip68
)

! LaTeX Error: Command \G already defined.
               Or name \end... illegal, see p.192 of the manual.

See the LaTeX manual or LaTeX Companion for explanation.
Type  H <return>  for immediate help.
 ...                                              
                                                  
l.164 ...mmand{\G}{\chord{t}{p3,p2,n,p0,p2,p2}{G}}
                                                  
? 
\@titleIndexfile=\write3
Writing index file Estribillero.tIdx 
\@titleContentsfile=\write4
Writing table of contents file Estribillero.toc 
\@keyIndexfile=\write5
Writing index file Estribillero.kIdx 
\@artistIndexfile=\write6
Writing index file Estribillero.aIdx 
(Estribillero.aux
LaTeX Info: Redefining \. on input line 23.
LaTeX Info: Redefining \% on input line 23.
 (EstribilleroToc.pdf.aux) (EstribilleroTdx.pdf.aux)
(EstribilleroKdx.pdf.aux) (EstribilleroKdx.pdf.aux))
LaTeX Font Info:    Checking defaults for OML/cmm/m/it on input line 224.
LaTeX Font Info:    ... okay on input line 224.
LaTeX Font Info:    Checking defaults for T1/cmr/m/n on input line 224.
LaTeX Font Info:    ... okay on input line 224.
LaTeX Font Info:    Checking defaults for OT1/cmr/m/n on input line 224.
LaTeX Font Info:    ... okay on input line 224.
LaTeX Font Info:    Checking defaults for OMS/cmsy/m/n on input line 224.
LaTeX Font Info:    ... okay on input line 224.
LaTeX Font Info:    Checking defaults for OMX/cmex/m/n on input line 224.
LaTeX Font Info:    ... okay on input line 224.
LaTeX Font Info:    Checking defaults for U/cmr/m/n on input line 224.
LaTeX Font Info:    ... okay on input line 224.
LaTeX Font Info:    Checking defaults for PD1/pdf/m/n on input line 224.
LaTeX Font Info:    ... okay on input line 224.
LaTeX Font Info:    Checking defaults for PU/pdf/m/n on input line 224.
LaTeX Font Info:    ... okay on input line 224.
LaTeX Info: Redefining \. on input line 224.
LaTeX Info: Redefining \% on input line 224.

(C:\Users\Administrador\AppData\Roaming\MiKTeX\2.9\tex\context\base\supp-pdf.mk
ii
[Loading MPS to PDF converter (version 2006.09.02).]
\scratchcounter=\count128
\scratchdimen=\dimen121
\scratchbox=\box52
\nofMPsegments=\count129
\nofMParguments=\count130
\everyMPshowfont=\toks21
\MPscratchCnt=\count131
\MPscratchDim=\dimen122
\MPnumerator=\count132
\makeMPintoPDFobject=\count133
\everyMPtoPDFconversion=\toks22
)
\AtBeginShipoutBox=\box53
Package hyperref Info: Link coloring OFF on input line 224.
 ("C:\Program Files (x86)\MiKTeX 2.9\tex\latex\hyperref\nameref.sty"
Package: nameref 2012/10/27 v2.43 Cross-referencing by name of section

("C:\Program Files (x86)\MiKTeX 2.9\tex\generic\oberdiek\gettitlestring.sty"
Package: gettitlestring 2010/12/03 v1.4 Cleanup title references (HO)
)
\c@section@level=\count134
)
LaTeX Info: Redefining \ref on input line 224.
LaTeX Info: Redefining \pageref on input line 224.
LaTeX Info: Redefining \nameref on input line 224.

(Estribillero.out) (Estribillero.out)
\@outlinefile=\write7
Package babel Info: Redefining spanish shorthand <<
(babel)             in language  on input line 230.
Package babel Info: Redefining spanish shorthand >>
(babel)             in language  on input line 230.
Package babel Info: Redefining spanish shorthand "=
(babel)             in language  on input line 230.
Package babel Info: Redefining spanish shorthand "~
(babel)             in language  on input line 230.
Package babel Info: Redefining spanish shorthand "!
(babel)             in language  on input line 230.
Package babel Info: Redefining spanish shorthand "?
(babel)             in language  on input line 230.
Package babel Info: Redefining spanish shorthand <<
(babel)             in language  on input line 230.
Package babel Info: Redefining spanish shorthand >>
(babel)             in language  on input line 230.
Package babel Info: Redefining spanish shorthand "=
(babel)             in language  on input line 230.
Package babel Info: Redefining spanish shorthand "~
(babel)             in language  on input line 230.
Package babel Info: Redefining spanish shorthand "!
(babel)             in language  on input line 230.
Package babel Info: Redefining spanish shorthand "?
(babel)             in language  on input line 230.
Package babel Info: Redefining spanish shorthand <<
(babel)             in language  on input line 230.
Package babel Info: Redefining spanish shorthand >>
(babel)             in language  on input line 230.
Package babel Info: Redefining spanish shorthand "=
(babel)             in language  on input line 230.
Package babel Info: Redefining spanish shorthand "~
(babel)             in language  on input line 230.
Package babel Info: Redefining spanish shorthand "!
(babel)             in language  on input line 230.
Package babel Info: Redefining spanish shorthand "?
(babel)             in language  on input line 230.
Package babel Info: Redefining spanish shorthand <<
(babel)             in language  on input line 230.
Package babel Info: Redefining spanish shorthand >>
(babel)             in language  on input line 230.
Package babel Info: Redefining spanish shorthand "=
(babel)             in language  on input line 230.
Package babel Info: Redefining spanish shorthand "~
(babel)             in language  on input line 230.
Package babel Info: Redefining spanish shorthand "!
(babel)             in language  on input line 230.
Package babel Info: Redefining spanish shorthand "?
(babel)             in language  on input line 230.
 [1{C:/Users/Administrador/AppData/Local/MiKTeX/2.9/pdftex/config/pdftex.map}

]
Package babel Info: Redefining spanish shorthand <<
(babel)             in language  on input line 230.
Package babel Info: Redefining spanish shorthand >>
(babel)             in language  on input line 230.
Package babel Info: Redefining spanish shorthand "=
(babel)             in language  on input line 230.
Package babel Info: Redefining spanish shorthand "~
(babel)             in language  on input line 230.
Package babel Info: Redefining spanish shorthand "!
(babel)             in language  on input line 230.
Package babel Info: Redefining spanish shorthand "?
(babel)             in language  on input line 230.
Package babel Info: Redefining spanish shorthand <<
(babel)             in language  on input line 230.
Package babel Info: Redefining spanish shorthand >>
(babel)             in language  on input line 230.
Package babel Info: Redefining spanish shorthand "=
(babel)             in language  on input line 230.
Package babel Info: Redefining spanish shorthand "~
(babel)             in language  on input line 230.
Package babel Info: Redefining spanish shorthand "!
(babel)             in language  on input line 230.
Package babel Info: Redefining spanish shorthand "?
(babel)             in language  on input line 230.
 [2

]
LaTeX Font Info:    External font `cmex10' loaded for size
(Font)              <14.4> on input line 230.
LaTeX Font Info:    External font `cmex10' loaded for size
(Font)              <7> on input line 230.
LaTeX Font Info:    Try loading font information for U+lasy on input line 230.

("C:\Program Files (x86)\MiKTeX 2.9\tex\latex\base\ulasy.fd"
File: ulasy.fd 1998/08/17 v2.2e LaTeX symbol font definitions
)
Package babel Info: Redefining spanish shorthand <<
(babel)             in language  on input line 230.
Package babel Info: Redefining spanish shorthand >>
(babel)             in language  on input line 230.
Package babel Info: Redefining spanish shorthand "=
(babel)             in language  on input line 230.
Package babel Info: Redefining spanish shorthand "~
(babel)             in language  on input line 230.
Package babel Info: Redefining spanish shorthand "!
(babel)             in language  on input line 230.
Package babel Info: Redefining spanish shorthand "?
(babel)             in language  on input line 230.
Package babel Info: Redefining spanish shorthand <<
(babel)             in language  on input line 230.
Package babel Info: Redefining spanish shorthand >>
(babel)             in language  on input line 230.
Package babel Info: Redefining spanish shorthand "=
(babel)             in language  on input line 230.
Package babel Info: Redefining spanish shorthand "~
(babel)             in language  on input line 230.
Package babel Info: Redefining spanish shorthand "!
(babel)             in language  on input line 230.
Package babel Info: Redefining spanish shorthand "?
(babel)             in language  on input line 230.
pdfTeX warning (ext4): destination with the same identifier (name{page.1}) has 
been already used, duplicate ignored
<to be read again> 
                   \relax 
l.230 
       [1]
Package babel Info: Redefining spanish shorthand <<
(babel)             in language  on input line 231.
Package babel Info: Redefining spanish shorthand >>
(babel)             in language  on input line 231.
Package babel Info: Redefining spanish shorthand "=
(babel)             in language  on input line 231.
Package babel Info: Redefining spanish shorthand "~
(babel)             in language  on input line 231.
Package babel Info: Redefining spanish shorthand "!
(babel)             in language  on input line 231.
Package babel Info: Redefining spanish shorthand "?
(babel)             in language  on input line 231.
Package babel Info: Redefining spanish shorthand <<
(babel)             in language  on input line 231.
Package babel Info: Redefining spanish shorthand >>
(babel)             in language  on input line 231.
Package babel Info: Redefining spanish shorthand "=
(babel)             in language  on input line 231.
Package babel Info: Redefining spanish shorthand "~
(babel)             in language  on input line 231.
Package babel Info: Redefining spanish shorthand "!
(babel)             in language  on input line 231.
Package babel Info: Redefining spanish shorthand "?
(babel)             in language  on input line 231.
pdfTeX warning (ext4): destination with the same identifier (name{page.2}) has 
been already used, duplicate ignored
<to be read again> 
                   \relax 
l.231 \mainmatter
                  [2

]
No file EstribilleroToc.pdf.tex.
! Undefined control sequence.
\\song [#1]#2#3#4#5#6#7-> \IfSubStr 
                                    {\uppercase {#1}}{N}{\ExcludeSongtrue }{...
l.245 .../track/0yj0zBaa7Ckn6ZMQPmCmfF}{Escuchar}}
                                                   %\NotCCLIed
? 
! Undefined control sequence.
\\song ...N}{\ExcludeSongtrue }{\relax }\IfSubStr 
                                                  {\uppercase {#1}}{Y}{\Excl...
l.245 .../track/0yj0zBaa7Ckn6ZMQPmCmfF}{Escuchar}}
                                                   %\NotCCLIed
? 
! Undefined control sequence.
\\song ...llSongs \ExcludeSongfalse \fi \IfSubStr 
                                                  {\uppercase {#1}}{C}{\Comp...
l.245 .../track/0yj0zBaa7Ckn6ZMQPmCmfF}{Escuchar}}
                                                   %\NotCCLIed
? 
! Undefined control sequence.
\\song ...CompactSongModetrue }{\relax }\IfSubStr 
                                                  {\uppercase {#1}}{F}{\Comp...
l.245 .../track/0yj0zBaa7Ckn6ZMQPmCmfF}{Escuchar}}
                                                   %\NotCCLIed
? 
LaTeX Font Info:    Try loading font information for T1+cmss on input line 245.

("C:\Program Files (x86)\MiKTeX 2.9\tex\latex\base\t1cmss.fd"
File: t1cmss.fd 2014/09/29 v2.5h Standard LaTeX font definitions
)
LaTeX Font Info:    Try loading font information for OMS+cmr on input line 245.


("C:\Program Files (x86)\MiKTeX 2.9\tex\latex\base\omscmr.fd"
File: omscmr.fd 2014/09/29 v2.5h Standard LaTeX font definitions
)
LaTeX Font Info:    Font shape `OMS/cmr/m/n' in size <10> not available
(Font)              Font shape `OMS/cmsy/m/n' tried instead on input line 245.
LaTeX Font Info:    External font `cmex10' loaded for size
(Font)              <12> on input line 272.
LaTeX Font Info:    External font `cmex10' loaded for size
(Font)              <8> on input line 272.
LaTeX Font Info:    External font `cmex10' loaded for size
(Font)              <6> on input line 272.


! LaTeX Error: Command \G unavailable in encoding T1.

See the LaTeX manual or LaTeX Companion for explanation.
Type  H <return>  for immediate help.
 ...                                              
                                                  
l.284 ...~~~~~~~\upchord{\keyboard[Do][Go][Bo] \G}
                                                  {~~~Sol} Mayor
? 

! LaTeX Error: Command \G unavailable in encoding T1.

See the LaTeX manual or LaTeX Companion for explanation.
Type  H <return>  for immediate help.
 ...                                              
                                                  
l.284 ...~~~~~~~\upchord{\keyboard[Do][Go][Bo] \G}
                                                  {~~~Sol} Mayor
? 
LaTeX Info: Redefining \. on input line 292.
LaTeX Info: Redefining \% on input line 292.
LaTeX Info: Redefining \. on input line 292.
LaTeX Info: Redefining \% on input line 292.
Package babel Info: Redefining spanish shorthand <<
(babel)             in language  on input line 292.
Package babel Info: Redefining spanish shorthand >>
(babel)             in language  on input line 292.
Package babel Info: Redefining spanish shorthand "=
(babel)             in language  on input line 292.
Package babel Info: Redefining spanish shorthand "~
(babel)             in language  on input line 292.
Package babel Info: Redefining spanish shorthand "!
(babel)             in language  on input line 292.
Package babel Info: Redefining spanish shorthand "?
(babel)             in language  on input line 292.
Package babel Info: Redefining spanish shorthand <<
(babel)             in language  on input line 292.
Package babel Info: Redefining spanish shorthand >>
(babel)             in language  on input line 292.
Package babel Info: Redefining spanish shorthand "=
(babel)             in language  on input line 292.
Package babel Info: Redefining spanish shorthand "~
(babel)             in language  on input line 292.
Package babel Info: Redefining spanish shorthand "!
(babel)             in language  on input line 292.
Package babel Info: Redefining spanish shorthand "?
(babel)             in language  on input line 292.
pdfTeX warning (ext4): destination with the same identifier (name{page.1}) has 
been already used, duplicate ignored
<to be read again> 
                   \relax 
l.292 \end{song}
                 [1


]
! Undefined control sequence.
\\song [#1]#2#3#4#5#6#7-> \IfSubStr 
                                    {\uppercase {#1}}{N}{\ExcludeSongtrue }{...
l.298   {}
           %\NotCCLIed
? 
! Undefined control sequence.
\\song ...N}{\ExcludeSongtrue }{\relax }\IfSubStr 
                                                  {\uppercase {#1}}{Y}{\Excl...
l.298   {}
           %\NotCCLIed
? 
! Undefined control sequence.
\\song ...llSongs \ExcludeSongfalse \fi \IfSubStr 
                                                  {\uppercase {#1}}{C}{\Comp...
l.298   {}
           %\NotCCLIed
? 
! Undefined control sequence.
\\song ...CompactSongModetrue }{\relax }\IfSubStr 
                                                  {\uppercase {#1}}{F}{\Comp...
l.298   {}
           %\NotCCLIed
? 
LaTeX Info: Redefining \. on input line 322.
LaTeX Info: Redefining \% on input line 322.
LaTeX Info: Redefining \. on input line 322.
LaTeX Info: Redefining \% on input line 322.
Package babel Info: Redefining spanish shorthand <<
(babel)             in language  on input line 322.
Package babel Info: Redefining spanish shorthand >>
(babel)             in language  on input line 322.
Package babel Info: Redefining spanish shorthand "=
(babel)             in language  on input line 322.
Package babel Info: Redefining spanish shorthand "~
(babel)             in language  on input line 322.
Package babel Info: Redefining spanish shorthand "!
(babel)             in language  on input line 322.
Package babel Info: Redefining spanish shorthand "?
(babel)             in language  on input line 322.
Package babel Info: Redefining spanish shorthand <<
(babel)             in language  on input line 322.
Package babel Info: Redefining spanish shorthand >>
(babel)             in language  on input line 322.
Package babel Info: Redefining spanish shorthand "=
(babel)             in language  on input line 322.
Package babel Info: Redefining spanish shorthand "~
(babel)             in language  on input line 322.
Package babel Info: Redefining spanish shorthand "!
(babel)             in language  on input line 322.
Package babel Info: Redefining spanish shorthand "?
(babel)             in language  on input line 322.
pdfTeX warning (ext4): destination with the same identifier (name{page.2}) has 
been already used, duplicate ignored
<to be read again> 
                   \relax 
l.322 \end{song}
                 [2]
! Undefined control sequence.
\\song [#1]#2#3#4#5#6#7-> \IfSubStr 
                                    {\uppercase {#1}}{N}{\ExcludeSongtrue }{...
l.328   {}
           %\NotCCLIed
? 
! Undefined control sequence.
\\song ...N}{\ExcludeSongtrue }{\relax }\IfSubStr 
                                                  {\uppercase {#1}}{Y}{\Excl...
l.328   {}
           %\NotCCLIed
? 
! Undefined control sequence.
\\song ...llSongs \ExcludeSongfalse \fi \IfSubStr 
                                                  {\uppercase {#1}}{C}{\Comp...
l.328   {}
           %\NotCCLIed
? 
! Undefined control sequence.
\\song ...CompactSongModetrue }{\relax }\IfSubStr 
                                                  {\uppercase {#1}}{F}{\Comp...
l.328   {}
           %\NotCCLIed
? 
LaTeX Info: Redefining \. on input line 347.
LaTeX Info: Redefining \% on input line 347.
LaTeX Info: Redefining \. on input line 347.
LaTeX Info: Redefining \% on input line 347.
Package babel Info: Redefining spanish shorthand <<
(babel)             in language  on input line 347.
Package babel Info: Redefining spanish shorthand >>
(babel)             in language  on input line 347.
Package babel Info: Redefining spanish shorthand "=
(babel)             in language  on input line 347.
Package babel Info: Redefining spanish shorthand "~
(babel)             in language  on input line 347.
Package babel Info: Redefining spanish shorthand "!
(babel)             in language  on input line 347.
Package babel Info: Redefining spanish shorthand "?
(babel)             in language  on input line 347.
Package babel Info: Redefining spanish shorthand <<
(babel)             in language  on input line 347.
Package babel Info: Redefining spanish shorthand >>
(babel)             in language  on input line 347.
Package babel Info: Redefining spanish shorthand "=
(babel)             in language  on input line 347.
Package babel Info: Redefining spanish shorthand "~
(babel)             in language  on input line 347.
Package babel Info: Redefining spanish shorthand "!
(babel)             in language  on input line 347.
Package babel Info: Redefining spanish shorthand "?
(babel)             in language  on input line 347.
[3]
! Undefined control sequence.
\\song [#1]#2#3#4#5#6#7-> \IfSubStr 
                                    {\uppercase {#1}}{N}{\ExcludeSongtrue }{...
l.354   {}
           %\NotCCLIed
? 
! Undefined control sequence.
\\song ...N}{\ExcludeSongtrue }{\relax }\IfSubStr 
                                                  {\uppercase {#1}}{Y}{\Excl...
l.354   {}
           %\NotCCLIed
? 
! Undefined control sequence.
\\song ...llSongs \ExcludeSongfalse \fi \IfSubStr 
                                                  {\uppercase {#1}}{C}{\Comp...
l.354   {}
           %\NotCCLIed
? 
! Undefined control sequence.
\\song ...CompactSongModetrue }{\relax }\IfSubStr 
                                                  {\uppercase {#1}}{F}{\Comp...
l.354   {}
           %\NotCCLIed
? 
LaTeX Info: Redefining \. on input line 380.
LaTeX Info: Redefining \% on input line 380.
LaTeX Info: Redefining \. on input line 380.
LaTeX Info: Redefining \% on input line 380.
Package babel Info: Redefining spanish shorthand <<
(babel)             in language  on input line 380.
Package babel Info: Redefining spanish shorthand >>
(babel)             in language  on input line 380.
Package babel Info: Redefining spanish shorthand "=
(babel)             in language  on input line 380.
Package babel Info: Redefining spanish shorthand "~
(babel)             in language  on input line 380.
Package babel Info: Redefining spanish shorthand "!
(babel)             in language  on input line 380.
Package babel Info: Redefining spanish shorthand "?
(babel)             in language  on input line 380.
Package babel Info: Redefining spanish shorthand <<
(babel)             in language  on input line 380.
Package babel Info: Redefining spanish shorthand >>
(babel)             in language  on input line 380.
Package babel Info: Redefining spanish shorthand "=
(babel)             in language  on input line 380.
Package babel Info: Redefining spanish shorthand "~
(babel)             in language  on input line 380.
Package babel Info: Redefining spanish shorthand "!
(babel)             in language  on input line 380.
Package babel Info: Redefining spanish shorthand "?
(babel)             in language  on input line 380.
[4]
! Undefined control sequence.
\\song [#1]#2#3#4#5#6#7-> \IfSubStr 
                                    {\uppercase {#1}}{N}{\ExcludeSongtrue }{...
l.386   {}
           %\NotCCLIed
? 
! Undefined control sequence.
\\song ...N}{\ExcludeSongtrue }{\relax }\IfSubStr 
                                                  {\uppercase {#1}}{Y}{\Excl...
l.386   {}
           %\NotCCLIed
? 
! Undefined control sequence.
\\song ...llSongs \ExcludeSongfalse \fi \IfSubStr 
                                                  {\uppercase {#1}}{C}{\Comp...
l.386   {}
           %\NotCCLIed
? 
! Undefined control sequence.
\\song ...CompactSongModetrue }{\relax }\IfSubStr 
                                                  {\uppercase {#1}}{F}{\Comp...
l.386   {}
           %\NotCCLIed
? 
LaTeX Info: Redefining \. on input line 438.
LaTeX Info: Redefining \% on input line 438.
LaTeX Info: Redefining \. on input line 438.
LaTeX Info: Redefining \% on input line 438.
Package babel Info: Redefining spanish shorthand <<
(babel)             in language  on input line 438.
Package babel Info: Redefining spanish shorthand >>
(babel)             in language  on input line 438.
Package babel Info: Redefining spanish shorthand "=
(babel)             in language  on input line 438.
Package babel Info: Redefining spanish shorthand "~
(babel)             in language  on input line 438.
Package babel Info: Redefining spanish shorthand "!
(babel)             in language  on input line 438.
Package babel Info: Redefining spanish shorthand "?
(babel)             in language  on input line 438.
Package babel Info: Redefining spanish shorthand <<
(babel)             in language  on input line 438.
Package babel Info: Redefining spanish shorthand >>
(babel)             in language  on input line 438.
Package babel Info: Redefining spanish shorthand "=
(babel)             in language  on input line 438.
Package babel Info: Redefining spanish shorthand "~
(babel)             in language  on input line 438.
Package babel Info: Redefining spanish shorthand "!
(babel)             in language  on input line 438.
Package babel Info: Redefining spanish shorthand "?
(babel)             in language  on input line 438.
[5]
! Undefined control sequence.
\\song [#1]#2#3#4#5#6#7-> \IfSubStr 
                                    {\uppercase {#1}}{N}{\ExcludeSongtrue }{...
l.445   {\NotCCLIed}
                    
? 
! Undefined control sequence.
\\song ...N}{\ExcludeSongtrue }{\relax }\IfSubStr 
                                                  {\uppercase {#1}}{Y}{\Excl...
l.445   {\NotCCLIed}
                    
? 
! Undefined control sequence.
\\song ...llSongs \ExcludeSongfalse \fi \IfSubStr 
                                                  {\uppercase {#1}}{C}{\Comp...
l.445   {\NotCCLIed}
                    
? 
! Undefined control sequence.
\\song ...CompactSongModetrue }{\relax }\IfSubStr 
                                                  {\uppercase {#1}}{F}{\Comp...
l.445   {\NotCCLIed}
                    
? 
LaTeX Info: Redefining \. on input line 474.
LaTeX Info: Redefining \% on input line 474.
LaTeX Info: Redefining \. on input line 474.
LaTeX Info: Redefining \% on input line 474.
Package babel Info: Redefining spanish shorthand <<
(babel)             in language  on input line 474.
Package babel Info: Redefining spanish shorthand >>
(babel)             in language  on input line 474.
Package babel Info: Redefining spanish shorthand "=
(babel)             in language  on input line 474.
Package babel Info: Redefining spanish shorthand "~
(babel)             in language  on input line 474.
Package babel Info: Redefining spanish shorthand "!
(babel)             in language  on input line 474.
Package babel Info: Redefining spanish shorthand "?
(babel)             in language  on input line 474.
Package babel Info: Redefining spanish shorthand <<
(babel)             in language  on input line 474.
Package babel Info: Redefining spanish shorthand >>
(babel)             in language  on input line 474.
Package babel Info: Redefining spanish shorthand "=
(babel)             in language  on input line 474.
Package babel Info: Redefining spanish shorthand "~
(babel)             in language  on input line 474.
Package babel Info: Redefining spanish shorthand "!
(babel)             in language  on input line 474.
Package babel Info: Redefining spanish shorthand "?
(babel)             in language  on input line 474.
[6]
! Undefined control sequence.
\\song [#1]#2#3#4#5#6#7-> \IfSubStr 
                                    {\uppercase {#1}}{N}{\ExcludeSongtrue }{...
l.480   {Escuchar}
                   %\NotCCLIed
? 
! Undefined control sequence.
\\song ...N}{\ExcludeSongtrue }{\relax }\IfSubStr 
                                                  {\uppercase {#1}}{Y}{\Excl...
l.480   {Escuchar}
                   %\NotCCLIed
? 
! Undefined control sequence.
\\song ...llSongs \ExcludeSongfalse \fi \IfSubStr 
                                                  {\uppercase {#1}}{C}{\Comp...
l.480   {Escuchar}
                   %\NotCCLIed
? 
! Undefined control sequence.
\\song ...CompactSongModetrue }{\relax }\IfSubStr 
                                                  {\uppercase {#1}}{F}{\Comp...
l.480   {Escuchar}
                   %\NotCCLIed
? 
LaTeX Info: Redefining \. on input line 541.
LaTeX Info: Redefining \% on input line 541.
LaTeX Info: Redefining \. on input line 541.
LaTeX Info: Redefining \% on input line 541.
Package babel Info: Redefining spanish shorthand <<
(babel)             in language  on input line 541.
Package babel Info: Redefining spanish shorthand >>
(babel)             in language  on input line 541.
Package babel Info: Redefining spanish shorthand "=
(babel)             in language  on input line 541.
Package babel Info: Redefining spanish shorthand "~
(babel)             in language  on input line 541.
Package babel Info: Redefining spanish shorthand "!
(babel)             in language  on input line 541.
Package babel Info: Redefining spanish shorthand "?
(babel)             in language  on input line 541.
Package babel Info: Redefining spanish shorthand <<
(babel)             in language  on input line 541.
Package babel Info: Redefining spanish shorthand >>
(babel)             in language  on input line 541.
Package babel Info: Redefining spanish shorthand "=
(babel)             in language  on input line 541.
Package babel Info: Redefining spanish shorthand "~
(babel)             in language  on input line 541.
Package babel Info: Redefining spanish shorthand "!
(babel)             in language  on input line 541.
Package babel Info: Redefining spanish shorthand "?
(babel)             in language  on input line 541.
[7]
! Undefined control sequence.
<recently read> \Gs 
                    
l.556  \upchord{\keyboard[Do][Fo][Go][Bo]\Gs}
                                             {Sol} Mayor Séptima
? 
! Undefined control sequence.
<recently read> \Gs 
                    
l.556  \upchord{\keyboard[Do][Fo][Go][Bo]\Gs}
                                             {Sol} Mayor Séptima
? 
LaTeX Info: Redefining \. on input line 559.
LaTeX Info: Redefining \% on input line 559.
LaTeX Info: Redefining \. on input line 559.
LaTeX Info: Redefining \% on input line 559.
Package babel Info: Redefining spanish shorthand <<
(babel)             in language  on input line 559.
Package babel Info: Redefining spanish shorthand >>
(babel)             in language  on input line 559.
Package babel Info: Redefining spanish shorthand "=
(babel)             in language  on input line 559.
Package babel Info: Redefining spanish shorthand "~
(babel)             in language  on input line 559.
Package babel Info: Redefining spanish shorthand "!
(babel)             in language  on input line 559.
Package babel Info: Redefining spanish shorthand "?
(babel)             in language  on input line 559.
Package babel Info: Redefining spanish shorthand <<
(babel)             in language  on input line 559.
Package babel Info: Redefining spanish shorthand >>
(babel)             in language  on input line 559.
Package babel Info: Redefining spanish shorthand "=
(babel)             in language  on input line 559.
Package babel Info: Redefining spanish shorthand "~
(babel)             in language  on input line 559.
Package babel Info: Redefining spanish shorthand "!
(babel)             in language  on input line 559.
Package babel Info: Redefining spanish shorthand "?
(babel)             in language  on input line 559.
[8]
No file EstribilleroTdx.pdf.tex.
No file EstribilleroKdx.pdf.tex.
No file EstribilleroKdx.pdf.tex.
(Acordes.tex

! LaTeX Error: Command \AsevenMaj already defined.
               Or name \end... illegal, see p.192 of the manual.

See the LaTeX manual or LaTeX Companion for explanation.
Type  H <return>  for immediate help.
 ...                                              
                                                  
l.1 ...\AsevenMaj}{\chord{t}{x,n,p2,p1,p2,n}{A7+}}
                                                  
? 

! LaTeX Error: Command \Aseven already defined.
               Or name \end... illegal, see p.192 of the manual.

See the LaTeX manual or LaTeX Companion for explanation.
Type  H <return>  for immediate help.
 ...                                              
                                                  
l.2 ...mand{\Aseven}{\chord{t}{x,n,p2,n,p2,n}{A7}}
                                                  
? 

! LaTeX Error: Command \A already defined.
               Or name \end... illegal, see p.192 of the manual.

See the LaTeX manual or LaTeX Companion for explanation.
Type  H <return>  for immediate help.
 ...                                              
                                                  
l.3 \newcommand{\A}{\chord{t}{x,n,p2,p2,p2,n}{A}}
                                                 
? 

! LaTeX Error: Command \BmseveN already defined.
               Or name \end... illegal, see p.192 of the manual.

See the LaTeX manual or LaTeX Companion for explanation.
Type  H <return>  for immediate help.
 ...                                              
                                                  
l.4 ...BmseveN}{\chord{t}{x,p2,p4,p3,p3,p2}{Bm7+}}
                                                  
? 

! LaTeX Error: Command \BmsevenA already defined.
               Or name \end... illegal, see p.192 of the manual.

See the LaTeX manual or LaTeX Companion for explanation.
Type  H <return>  for immediate help.
 ...                                              
                                                  
l.5 ...\BmsevenA}{\chord{t}{x,n,p4,p4,p3,n}{Bm/A}}
                                                  
? 

! LaTeX Error: Command \Bmseven already defined.
               Or name \end... illegal, see p.192 of the manual.

See the LaTeX manual or LaTeX Companion for explanation.
Type  H <return>  for immediate help.
 ...                                              
                                                  
l.6 ...\Bmseven}{\chord{t}{x,p2,p4,p2,p3,p2}{Bm7}}
                                                  
? 

! LaTeX Error: Command \Bm already defined.
               Or name \end... illegal, see p.192 of the manual.

See the LaTeX manual or LaTeX Companion for explanation.
Type  H <return>  for immediate help.
 ...                                              
                                                  
l.7 ...mmand{\Bm}{\chord{t}{x,p2,p4,p4,p3,p2}{Bm}}
                                                  
? 

! LaTeX Error: Command \Bseven already defined.
               Or name \end... illegal, see p.192 of the manual.

See the LaTeX manual or LaTeX Companion for explanation.
Type  H <return>  for immediate help.
 ...                                              
                                                  
l.8 ...en}{\chord{t}{x,f1p2,p4,f1p2,p4,f1p2,}{B7}}
                                                  
? 

! LaTeX Error: Command \BsevenBasDs already defined.
               Or name \end... illegal, see p.192 of the manual.

See the LaTeX manual or LaTeX Companion for explanation.
Type  H <return>  for immediate help.
 ...                                              
                                                  
l.9 ...enBasDs}{\chord{t}{x,x,p1,p2,n,p2}{B7/D\#}}
                                                  
? 

! LaTeX Error: Command \CssevenLight already defined.
               Or name \end... illegal, see p.192 of the manual.

See the LaTeX manual or LaTeX Companion for explanation.
Type  H <return>  for immediate help.
 ...                                              
                                                  
l.10 ...enLight}{\chord{t}{x,p4,p3,p4,p2,x}{C\#7}}
                                                  
? 

! LaTeX Error: Command \DmBasB already defined.
               Or name \end... illegal, see p.192 of the manual.

See the LaTeX manual or LaTeX Companion for explanation.
Type  H <return>  for immediate help.
 ...                                              
                                                  
l.11 ...\DmBasB}{\chord{t}{x,p2,p3,p2,p3,x}{Dm/B}}
                                                  
? 

! LaTeX Error: Command \DseveN already defined.
               Or name \end... illegal, see p.192 of the manual.

See the LaTeX manual or LaTeX Companion for explanation.
Type  H <return>  for immediate help.
 ...                                              
                                                  
l.12 ...d{\DseveN}{\chord{t}{x,x,n,p2,p2,p2}{D7+}}
                                                  
? 

! LaTeX Error: Command \Dsix already defined.
               Or name \end... illegal, see p.192 of the manual.

See the LaTeX manual or LaTeX Companion for explanation.
Type  H <return>  for immediate help.
 ...                                              
                                                  
l.13 ...mmand{\Dsix}{\chord{t}{x,x,n,p2,n,p2}{D6}}
                                                  
? 

! LaTeX Error: Command \D already defined.
               Or name \end... illegal, see p.192 of the manual.

See the LaTeX manual or LaTeX Companion for explanation.
Type  H <return>  for immediate help.
 ...                                              
                                                  
l.14 \newcommand{\D}{\chord{t}{x,x,n,p2,p3,p2}{D}}
                                                  
? 

! LaTeX Error: Command \EseveNNine already defined.
               Or name \end... illegal, see p.192 of the manual.

See the LaTeX manual or LaTeX Companion for explanation.
Type  H <return>  for immediate help.
 ...                                              
                                                  
l.15 ...}{\chord{t}{n,f1p2,f1p2,p4,p3,f1p2,}{E79}}
                                                  
? 

! LaTeX Error: Command \EseveN already defined.
               Or name \end... illegal, see p.192 of the manual.

See the LaTeX manual or LaTeX Companion for explanation.
Type  H <return>  for immediate help.
 ...                                              
                                                  
l.16 ...{\EseveN}{\chord{t}{n,p2,p2,p4,p3,p4}{E7}}
                                                  
? 

! LaTeX Error: Command \EsevenFour already defined.
               Or name \end... illegal, see p.192 of the manual.

See the LaTeX manual or LaTeX Companion for explanation.
Type  H <return>  for immediate help.
 ...                                              
                                                  
l.17 ...nFour}{\chord{t}{n,p2,p2,p4,p3,p5}{E7,11}}
                                                  
? 

! LaTeX Error: Command \Eseven already defined.
               Or name \end... illegal, see p.192 of the manual.

See the LaTeX manual or LaTeX Companion for explanation.
Type  H <return>  for immediate help.
 ...                                              
                                                  
l.18 ...d{\Eseven}{\chord{t}{n,p2,p2,p1,p3,n}{E7}}
                                                  
? 

! LaTeX Error: Command \Fsmin already defined.
               Or name \end... illegal, see p.192 of the manual.

See the LaTeX manual or LaTeX Companion for explanation.
Type  H <return>  for immediate help.
 ...                                              
                                                  
l.19 ...hord{t}{f1p2,p4,p4,f1p2,f1p2,f1p2,}{F\#m}}
                                                  
? 

! LaTeX Error: Command \FsminLight already defined.
               Or name \end... illegal, see p.192 of the manual.

See the LaTeX manual or LaTeX Companion for explanation.
Type  H <return>  for immediate help.
 ...                                              
                                                  
l.20 ...\chord{t}{x,x,f3p4,f1p2,f1p2,f1p2,}{F\#m}}
                                                  
? 

! LaTeX Error: Command \FsminBasSeveN already defined.
               Or name \end... illegal, see p.192 of the manual.

See the LaTeX manual or LaTeX Companion for explanation.
Type  H <return>  for immediate help.
 ...                                              
                                                  
l.21 ...rd{t}{x,x,f3p3,f1p2,f1p2,f1p2,}{F\#m/E\#}}
                                                  
? 

! LaTeX Error: Command \FsminBasSeven already defined.
               Or name \end... illegal, see p.192 of the manual.

See the LaTeX manual or LaTeX Companion for explanation.
Type  H <return>  for immediate help.
 ...                                              
                                                  
l.22 ...hord{t}{x,x,f2p2,f1p2,f1p2,f1p2,}{F\#m/E}}
                                                  
? 

! LaTeX Error: Command \FsminSeven already defined.
               Or name \end... illegal, see p.192 of the manual.

See the LaTeX manual or LaTeX Companion for explanation.
Type  H <return>  for immediate help.
 ...                                              
                                                  
l.23 ...chord{t}{f1p2,p4,p4,f1p2,p5,f1p2,}{F\#7m}}
                                                  
? 

! LaTeX Error: Command \G already defined.
               Or name \end... illegal, see p.192 of the manual.

See the LaTeX manual or LaTeX Companion for explanation.
Type  H <return>  for immediate help.
 ...                                              
                                                  
l.24 ...ommand{\G}{\chord{t}{p3,p2,n,p0,p2,p2}{G}}
                                                  
? 

! LaTeX Error: Command \Gsminseven already defined.
               Or name \end... illegal, see p.192 of the manual.

See the LaTeX manual or LaTeX Companion for explanation.
Type  H <return>  for immediate help.
 ...                                              
                                                  
l.25 ...ord{t}{f2p4,x,f4p4,f4p4,f4p4,f4p4,}{G\#7}}
                                                  
? 

! LaTeX Error: Can be used only in preamble.

See the LaTeX manual or LaTeX Companion for explanation.
Type  H <return>  for immediate help.
 ...                                              
                                                  
l.27 \begin{document}
                     
? 

! LaTeX Error: Command \G unavailable in encoding T1.

See the LaTeX manual or LaTeX Companion for explanation.
Type  H <return>  for immediate help.
 ...                                              
                                                  
l.33 \upchord{\keyboard[Do][Go][Bo]\G}
                                      {Sol Mayor}
? 

! LaTeX Error: Command \G unavailable in encoding T1.

See the LaTeX manual or LaTeX Companion for explanation.
Type  H <return>  for immediate help.
 ...                                              
                                                  
l.33 \upchord{\keyboard[Do][Go][Bo]\G}
                                      {Sol Mayor}
? 
Package atveryend Info: Empty hook `BeforeClearDocument' on input line 37.
LaTeX Info: Redefining \. on input line 37.
LaTeX Info: Redefining \% on input line 37.
LaTeX Info: Redefining \. on input line 37.
LaTeX Info: Redefining \% on input line 37.
Package babel Info: Redefining spanish shorthand <<
(babel)             in language  on input line 37.
Package babel Info: Redefining spanish shorthand >>
(babel)             in language  on input line 37.
Package babel Info: Redefining spanish shorthand "=
(babel)             in language  on input line 37.
Package babel Info: Redefining spanish shorthand "~
(babel)             in language  on input line 37.
Package babel Info: Redefining spanish shorthand "!
(babel)             in language  on input line 37.
Package babel Info: Redefining spanish shorthand "?
(babel)             in language  on input line 37.
Package babel Info: Redefining spanish shorthand <<
(babel)             in language  on input line 37.
Package babel Info: Redefining spanish shorthand >>
(babel)             in language  on input line 37.
Package babel Info: Redefining spanish shorthand "=
(babel)             in language  on input line 37.
Package babel Info: Redefining spanish shorthand "~
(babel)             in language  on input line 37.
Package babel Info: Redefining spanish shorthand "!
(babel)             in language  on input line 37.
Package babel Info: Redefining spanish shorthand "?
(babel)             in language  on input line 37.
[9






]
Package atveryend Info: Empty hook `AfterLastShipout' on input line 37.
 (Estribillero.aux
LaTeX Info: Redefining \. on input line 23.
LaTeX Info: Redefining \% on input line 23.
 (EstribilleroToc.pdf.aux) (EstribilleroTdx.pdf.aux)
(EstribilleroKdx.pdf.aux) (EstribilleroKdx.pdf.aux))
Package atveryend Info: Executing hook `AtVeryEndDocument' on input line 37.
Package atveryend Info: Executing hook `AtEndAfterFileList' on input line 37.
Package rerunfilecheck Info: File `Estribillero.out' has not changed.
(rerunfilecheck)             Checksum: D41D8CD98F00B204E9800998ECF8427E;0.
Package atveryend Info: Empty hook `AtVeryVeryEnd' on input line 37.
 ) )
(\end occurred inside a group at level 1)

### semi simple group (level 1) entered at line 27 (\begingroup)
### bottom level 
Here is how much of TeX's memory you used:
 10229 strings out of 493673
 142201 string characters out of 3141506
 246481 words of memory out of 3000000
 13442 multiletter control sequences out of 15000+200000
 21630 words of font info for 52 fonts, out of 3000000 for 9000
 1025 hyphenation exceptions out of 8191
 34i,13n,69p,316b,668s stack positions out of 5000i,500n,10000p,200000b,50000s
 <C:\Users\Administrador\AppData\Local\MiKTeX\2.9\fonts\pk\ljfo
ur\jknappen\ec\dpi600\ecbx1440.pk> <C:\Users\Administrador\AppData\Local\MiKTeX
\2.9\fonts\pk\ljfour\jknappen\ec\dpi600\ecss1200.pk> <C:\Users\Administrador\Ap
pData\Local\MiKTeX\2.9\fonts\pk\ljfour\jknappen\ec\dpi864\ecssdc10.pk> <C:\User
s\Administrador\AppData\Local\MiKTeX\2.9\fonts\pk\ljfour\jknappen\ec\dpi600\ecs
s1095.pk> <C:\Users\Administrador\AppData\Local\MiKTeX\2.9\fonts\pk\ljfour\jkna
ppen\ec\dpi600\ecti0800.pk> <C:\Users\Administrador\AppData\Local\MiKTeX\2.9\fo
nts\pk\ljfour\jknappen\ec\dpi600\ecrm1000.pk> <C:\Users\Administrador\AppData\L
ocal\MiKTeX\2.9\fonts\pk\ljfour\jknappen\ec\dpi600\ecss1440.pk> <C:\Users\Admin
istrador\AppData\Local\MiKTeX\2.9\fonts\pk\ljfour\jknappen\ec\dpi600\ecti1200.p
k> <C:\Users\Administrador\AppData\Local\MiKTeX\2.9\fonts\pk\ljfour\jknappen\ec
\dpi600\ecrm1440.pk> <C:\Users\Administrador\AppData\Local\MiKTeX\2.9\fonts\pk\
ljfour\jknappen\ec\dpi600\ecrm2074.pk> <C:\Users\Administrador\AppData\Local\Mi
KTeX\2.9\fonts\pk\ljfour\jknappen\ec\dpi600\ecrm0800.pk> <C:\Users\Administrado
r\AppData\Local\MiKTeX\2.9\fonts\pk\ljfour\jknappen\ec\dpi600\ecrm1200.pk><C:/P
rogram Files (x86)/MiKTeX 2.9/fonts/type1/public/amsfonts/cm/cmmi12.pfb><C:/Pro
gram Files (x86)/MiKTeX 2.9/fonts/type1/public/amsfonts/cm/cmr10.pfb><C:/Progra
m Files (x86)/MiKTeX 2.9/fonts/type1/public/amsfonts/cm/cmss8.pfb><C:/Program F
iles (x86)/MiKTeX 2.9/fonts/type1/public/amsfonts/cm/cmsy10.pfb><C:/Program Fil
es (x86)/MiKTeX 2.9/fonts/type1/public/amsfonts/cm/cmtt12.pfb><C:/Program Files
 (x86)/MiKTeX 2.9/fonts/type1/public/amsfonts/latxfont/lcircle1.pfb>
Output written on Estribillero.pdf (13 pages, 162265 bytes).
PDF statistics:
 399 PDF objects out of 1000 (max. 8388607)
 10 named destinations out of 1000 (max. 500000)
 1 words of extra memory for PDF output out of 10000 (max. 10000000)

